{"time":"2024-11-04T22:22:14.399938095+03:00","level":"ERROR","msg":"error init postgres client","op":"storage.postgres.New"}
{"time":"2024-11-04T22:22:14.399984658+03:00","level":"ERROR","msg":"error creating persistent storage","op":"application.New"}
{"time":"2024-11-04T22:23:10.992196165+03:00","level":"INFO","msg":"postgres client init successfully","op":"storage.postgres.New"}
{"time":"2024-11-04T22:23:10.994914558+03:00","level":"INFO","msg":"redis client created successfully","op":"redis.New"}
{"time":"2024-11-04T22:23:10.994952806+03:00","level":"INFO","msg":"application successfully created","op":"application.New"}
{"time":"2024-11-04T22:23:10.995116296+03:00","level":"INFO","msg":"server listening at 8007"}
{"time":"2024-11-04T22:23:10.995375874+03:00","level":"INFO","msg":"gRPC server is running","op":"grpcapplication.run","port":"8000","addr":"[::]:8000"}
{"time":"2024-11-04T22:23:44.244979818+03:00","level":"INFO","msg":"stopping service","signal":"interrupt"}
{"time":"2024-11-04T22:23:44.245067615+03:00","level":"INFO","msg":"stopping gRPC server","op":"grpcapplication.Stop","port":"8000"}
{"time":"2024-11-04T22:23:44.245212023+03:00","level":"INFO","msg":"stopping gateway service","signal":"interrupt"}
{"time":"2024-11-04T22:23:44.245234057+03:00","level":"INFO","msg":"service stopped"}
{"time":"2024-11-04T22:24:01.894230168+03:00","level":"INFO","msg":"postgres client init successfully","op":"storage.postgres.New"}
{"time":"2024-11-04T22:24:01.895674654+03:00","level":"INFO","msg":"redis client created successfully","op":"redis.New"}
{"time":"2024-11-04T22:24:01.895717786+03:00","level":"INFO","msg":"application successfully created","op":"application.New"}
{"time":"2024-11-04T22:24:01.895953688+03:00","level":"INFO","msg":"server listening at 8007"}
{"time":"2024-11-04T22:24:01.896172252+03:00","level":"INFO","msg":"gRPC server is running","op":"grpcapplication.run","port":"8000","addr":"[::]:8000"}
{"time":"2024-11-04T22:25:10.142131413+03:00","level":"INFO","msg":"stopping service","signal":"interrupt"}
{"time":"2024-11-04T22:25:10.14221463+03:00","level":"INFO","msg":"stopping gRPC server","op":"grpcapplication.Stop","port":"8000"}
{"time":"2024-11-04T22:25:15.752386388+03:00","level":"INFO","msg":"stopping gateway service","signal":"interrupt"}
{"time":"2024-11-04T22:25:15.75245961+03:00","level":"INFO","msg":"service stopped"}
{"time":"2024-11-04T22:26:04.472690558+03:00","level":"INFO","msg":"postgres client init successfully","op":"storage.postgres.New"}
{"time":"2024-11-04T22:26:04.473768796+03:00","level":"INFO","msg":"redis client created successfully","op":"redis.New"}
{"time":"2024-11-04T22:26:04.47379712+03:00","level":"INFO","msg":"application successfully created","op":"application.New"}
{"time":"2024-11-04T22:26:04.474190384+03:00","level":"INFO","msg":"server listening at 8007"}
{"time":"2024-11-04T22:26:04.474368177+03:00","level":"INFO","msg":"gRPC server is running","op":"grpcapplication.run","port":"8000","addr":"[::]:8000"}
{"time":"2024-11-04T22:26:57.44344975+03:00","level":"INFO","msg":"stopping service","signal":"interrupt"}
{"time":"2024-11-04T22:26:57.443524585+03:00","level":"INFO","msg":"stopping gRPC server","op":"grpcapplication.Stop","port":"8000"}
{"time":"2024-11-04T22:26:57.443622889+03:00","level":"INFO","msg":"stopping gateway service","signal":"interrupt"}
{"time":"2024-11-04T22:26:57.443646685+03:00","level":"INFO","msg":"service stopped"}
